<?xml version="1.0" encoding="UTF-8"?>
<!-- Generated by org.testng.reporters.JUnitXMLReporter -->
<testsuite ignored="0" hostname="INDMUMBLPTMP064" failures="0" tests="11" name="Default test" time="1.115" errors="0" timestamp="2023-02-08T10:40:21 IST">
  <testcase classname="excelConfigTest.ExcelTest" name="form" time="0.005"/>
  <testcase classname="excelConfigTest.ExcelTest" name="form" time="0.0"/>
  <testcase classname="excelConfigTest.ExcelTest" name="form" time="0.001"/>
  <testcase classname="excelConfigTest.ExcelTest" name="form" time="0.0"/>
  <testcase classname="excelConfigTest.ExcelTest" name="form" time="0.001"/>
  <testcase classname="excelConfigTest.ExcelTest" name="form" time="0.001"/>
  <testcase classname="excelConfigTest.ExcelTest" name="tc_01" time="0.001"/>
  <testcase classname="excelConfigTest.ExcelTest" name="tc_02" time="0.0"/>
  <testcase classname="excelConfigTest.ExcelTest" name="tc_03" time="0.0"/>
  <testcase classname="excelConfigTest.ExcelTest" name="tc_04" time="0.001"/>
  <testcase classname="excelConfigTest.ExcelTest" name="testData" time="0.812"/>
</testsuite> <!-- Default test -->
