<?xml version="1.0" encoding="UTF-8"?>
<!-- Generated by org.testng.reporters.JUnitXMLReporter -->
<testsuite ignored="2" hostname="INDMUMBLPTMP064" failures="1" tests="12" name="Test" time="91.041" errors="0" timestamp="2023-02-08T10:50:56 IST">
  <testcase classname="excelConfigTest.ExcelTest" name="form" time="0.012"/>
  <testcase classname="excelConfigTest.ExcelTest" name="form" time="0.001"/>
  <testcase classname="excelConfigTest.ExcelTest" name="form" time="0.0"/>
  <testcase classname="excelConfigTest.ExcelTest" name="form" time="0.0"/>
  <testcase classname="excelConfigTest.ExcelTest" name="form" time="0.0"/>
  <testcase classname="excelConfigTest.ExcelTest" name="form" time="0.0"/>
  <testcase classname="excelConfigTest.ExcelTest" name="tc_01" time="0.001"/>
  <testcase classname="excelConfigTest.ExcelTest" name="tc_03" time="0.0"/>
  <testcase classname="excelConfigTest.ExcelTest" name="testData" time="0.01"/>
  <testcase classname="generalStore.ECommerceTest_01" name="fillFormNegativeTest" time="6.479">
    <failure type="java.lang.AssertionError" message="expected [enter your name] but found [Please enter your name]">
      <![CDATA[java.lang.AssertionError: expected [enter your name] but found [Please enter your name]
at generalStore.ECommerceTest_01.fillFormNegativeTest(ECommerceTest_01.java:50)
at java.base/java.util.ArrayList.forEach(ArrayList.java:1541)
... Removed 37 stack frames]]>
    </failure>
  </testcase> <!-- fillFormNegativeTest -->
  <testcase classname="generalStore.ECommerceTest_01" name="fillFormPositiveTest" time="16.236"/>
  <testcase classname="generalStore.ECommerceTest_02" name="sumOfcartProducts" time="35.006"/>
  <testcase classname="excelConfigTest.ExcelTest" name="tc_04" time="0.0">
    <ignored/>
  </testcase> <!-- tc_04 -->
  <testcase classname="excelConfigTest.ExcelTest" name="tc_02" time="0.0">
    <ignored/>
  </testcase> <!-- tc_02 -->
</testsuite> <!-- Test -->
