<?xml version="1.0" encoding="UTF-8"?>
<testng-results ignored="0" total="1" passed="1" failed="0" skipped="0">
  <reporter-output>
  </reporter-output>
  <suite started-at="2023-02-22T11:40:56 IST" name="Default suite" finished-at="2023-02-22T11:41:57 IST" duration-ms="60651">
    <groups>
    </groups>
    <test started-at="2023-02-22T11:40:56 IST" name="Default test" finished-at="2023-02-22T11:41:57 IST" duration-ms="60651">
      <class name="stockAppTests.Stockapp_WatchlistTest">
        <test-method is-config="true" signature="stock_Watchlist_PreSetup()[pri:0, instance:stockAppTests.Stockapp_WatchlistTest@48bb62]" started-at="2023-02-22T11:40:56 IST" name="stock_Watchlist_PreSetup" finished-at="2023-02-22T11:41:20 IST" duration-ms="23918" status="PASS">
          <reporter-output>
          </reporter-output>
        </test-method> <!-- stock_Watchlist_PreSetup -->
        <test-method signature="stockapp_tc_03()[pri:0, instance:stockAppTests.Stockapp_WatchlistTest@48bb62]" started-at="2023-02-22T11:41:20 IST" name="stockapp_tc_03" finished-at="2023-02-22T11:41:56 IST" duration-ms="35387" status="PASS">
          <reporter-output>
          </reporter-output>
        </test-method> <!-- stockapp_tc_03 -->
        <test-method is-config="true" signature="tearDown()[pri:0, instance:stockAppTests.Stockapp_WatchlistTest@48bb62]" started-at="2023-02-22T11:41:56 IST" name="tearDown" finished-at="2023-02-22T11:41:57 IST" duration-ms="1297" status="PASS">
          <reporter-output>
          </reporter-output>
        </test-method> <!-- tearDown -->
      </class> <!-- stockAppTests.Stockapp_WatchlistTest -->
    </test> <!-- Default test -->
  </suite> <!-- Default suite -->
</testng-results>
