<?xml version="1.0" encoding="UTF-8"?>
<!-- Generated by org.testng.reporters.JUnitReportReporter -->
<testsuite hostname="INDMUMBLPTMP064" failures="0" tests="11" name="excelConfigTest.ExcelTest" time="0.062" errors="0" timestamp="2023-02-13T10:51:02 IST" skipped="2">
  <testcase classname="excelConfigTest.ExcelTest" name="tc_01" time="0.001"/>
  <system-out/>
  <testcase classname="excelConfigTest.ExcelTest" name="form" time="0.003"/>
  <system-out/>
  <testcase classname="excelConfigTest.ExcelTest" name="form" time="0.002"/>
  <system-out/>
  <testcase classname="excelConfigTest.ExcelTest" name="form" time="0.028"/>
  <system-out/>
  <testcase classname="excelConfigTest.ExcelTest" name="tc_03" time="0.001"/>
  <system-out/>
  <testcase classname="excelConfigTest.ExcelTest" name="testData" time="0.023"/>
  <system-out/>
  <testcase classname="excelConfigTest.ExcelTest" name="form" time="0.001"/>
  <system-out/>
  <testcase classname="excelConfigTest.ExcelTest" name="form" time="0.002"/>
  <system-out/>
  <testcase classname="excelConfigTest.ExcelTest" name="form" time="0.001"/>
  <system-out/>
  <testcase classname="excelConfigTest.ExcelTest" name="tc_02">
    <skipped/>
  </testcase> <!-- tc_02 -->
  <system-out/>
  <testcase classname="excelConfigTest.ExcelTest" name="tc_04">
    <skipped/>
  </testcase> <!-- tc_04 -->
  <system-out/>
</testsuite> <!-- excelConfigTest.ExcelTest -->
