<?xml version="1.0" encoding="UTF-8"?>
<!-- Generated by org.testng.reporters.JUnitReportReporter -->
<testsuite hostname="INDMUMBLPTMP064" failures="0" tests="2" name="stockAppTests.Stockapp_LoginTest" time="124.743" errors="0" timestamp="2023-02-22T11:37:59 IST" skipped="0">
  <testcase classname="stockAppTests.Stockapp_LoginTest" name="stockapp_tc_01" time="107.807"/>
  <system-out/>
  <testcase classname="stockAppTests.Stockapp_LoginTest" name="stockapp_tc_02" time="16.936"/>
  <system-out/>
</testsuite> <!-- stockAppTests.Stockapp_LoginTest -->
